2017-09-15 20:50:15Controller:app\Controller\IndexController  action:index
2017-09-15 20:50:45Controller:app\Controller\IndexController  action:index
2017-09-15 20:51:00Controller:app\Controller\IndexController  action:index
2017-09-15 20:51:00Controller:app\Controller\HomeController  action:index
2017-09-15 20:57:15Controller:app\Controller\IndexController  action:index
2017-09-15 20:57:15Controller:app\Controller\HomeController  action:index
2017-09-15 20:57:31Controller:app\Controller\HomeController  action:index
2017-09-15 20:58:22Controller:app\Controller\IndexController  action:index
2017-09-15 20:58:29Controller:app\Controller\IndexController  action:index
2017-09-15 20:59:44Controller:app\Controller\IndexController  action:index
2017-09-15 21:05:34Controller:app\Controller\IndexController  action:index
2017-09-15 21:05:49Controller:app\Controller\IndexController  action:submitApplication
2017-09-15 21:06:49Controller:app\Controller\IndexController  action:index
2017-09-15 21:06:55Controller:app\Controller\IndexController  action:submitApplication
2017-09-15 21:09:06Controller:app\Controller\IndexController  action:submitApplication
2017-09-15 21:09:45Controller:app\Controller\HtmlController  action:admin
2017-09-15 21:19:06Controller:app\Controller\IndexController  action:submitApplication
2017-09-15 21:23:26Controller:app\Controller\IndexController  action:submitApplication
2017-09-15 21:23:49Controller:app\Controller\IndexController  action:submitApplication
2017-09-15 21:24:48Controller:app\Controller\IndexController  action:index
2017-09-15 21:25:09Controller:app\Controller\IndexController  action:submitApplication
2017-09-15 21:38:08Controller:app\Controller\AdminController  action:index
2017-09-15 21:39:00Controller:app\Controller\AdminController  action:index
2017-09-15 21:39:21Controller:app\Controller\AdminController  action:index
2017-09-15 21:45:06Controller:app\Controller\AdminController  action:index
2017-09-15 21:45:10Controller:app\Controller\UserController  action:index
2017-09-15 21:45:46Controller:app\Controller\UserController  action:index
2017-09-15 21:45:55Controller:app\Controller\UserController  action:index
2017-09-15 21:47:49Controller:app\Controller\UserController  action:index
2017-09-15 21:47:57Controller:app\Controller\UserController  action:index
2017-09-15 21:48:17Controller:app\Controller\UserController  action:index
2017-09-15 21:53:32Controller:app\Controller\UserController  action:index
2017-09-15 21:59:17Controller:app\Controller\UserController  action:index
2017-09-15 21:59:34Controller:app\Controller\UserController  action:index
2017-09-15 21:59:48Controller:app\Controller\UserController  action:index
2017-09-15 22:03:13Controller:app\Controller\UserController  action:index
2017-09-15 22:07:08Controller:app\Controller\UserController  action:index
2017-09-15 22:07:10Controller:app\Controller\UserController  action:byPkGetUser
2017-09-15 22:08:04Controller:app\Controller\UserController  action:byPkGetUser
2017-09-15 22:09:22Controller:app\Controller\UserController  action:byPkGetUser
2017-09-15 22:10:20Controller:app\Controller\UserController  action:index
2017-09-15 22:10:23Controller:app\Controller\UserController  action:byPkGetUser
2017-09-15 22:10:38Controller:app\Controller\UserController  action:byPkGetUser
2017-09-15 22:11:15Controller:app\Controller\UserController  action:index
2017-09-15 22:11:18Controller:app\Controller\UserController  action:byPkGetUser
2017-09-15 22:13:59Controller:app\Controller\UserController  action:index
2017-09-15 22:14:01Controller:app\Controller\UserController  action:byPkGetUser
2017-09-15 22:14:09Controller:app\Controller\UserController  action:add
2017-09-15 22:14:51Controller:app\Controller\UserController  action:add
2017-09-15 22:15:06Controller:app\Controller\UserController  action:add
2017-09-15 22:15:06Controller:app\Controller\UserController  action:index
2017-09-15 22:15:08Controller:app\Controller\UserController  action:byPkGetUser
2017-09-15 22:15:12Controller:app\Controller\UserController  action:add
2017-09-15 22:15:12Controller:app\Controller\UserController  action:index
2017-09-15 22:15:15Controller:app\Controller\UserController  action:index
2017-09-15 22:15:47Controller:app\Controller\UserController  action:index
2017-09-15 22:15:49Controller:app\Controller\UserController  action:byPkGetUser
2017-09-15 22:15:51Controller:app\Controller\UserController  action:add
2017-09-15 22:16:06Controller:app\Controller\UserController  action:add
2017-09-15 22:16:25Controller:app\Controller\UserController  action:add
2017-09-15 22:16:32Controller:app\Controller\UserController  action:add
2017-09-15 22:16:44Controller:app\Controller\UserController  action:add
2017-09-15 22:16:50Controller:app\Controller\UserController  action:add
2017-09-15 22:16:50Controller:app\Controller\UserController  action:index
2017-09-15 22:16:53Controller:app\Controller\UserController  action:byPkGetUser
2017-09-15 22:16:54Controller:app\Controller\UserController  action:add
2017-09-15 22:16:55Controller:app\Controller\UserController  action:index
2017-09-15 22:17:21Controller:app\Controller\UserController  action:index
2017-09-15 22:17:28Controller:app\Controller\UserController  action:add
2017-09-15 22:17:29Controller:app\Controller\UserController  action:index
2017-09-15 22:17:57Controller:app\Controller\UserController  action:index
2017-09-15 22:18:00Controller:app\Controller\UserController  action:add
2017-09-15 22:18:00Controller:app\Controller\UserController  action:index
2017-09-15 22:18:06Controller:app\Controller\UserController  action:byPkGetUser
2017-09-15 22:18:19Controller:app\Controller\UserController  action:add
2017-09-15 22:18:19Controller:app\Controller\UserController  action:index
2017-09-15 22:18:51Controller:app\Controller\UserController  action:index
2017-09-15 22:19:19Controller:app\Controller\UserController  action:index
2017-09-15 22:19:20Controller:app\Controller\AdminController  action:orderList
2017-09-15 22:19:23Controller:app\Controller\UserController  action:index
2017-09-15 22:19:37Controller:app\Controller\UserController  action:index
2017-09-15 22:20:11Controller:app\Controller\UserController  action:index
2017-09-15 22:20:14Controller:app\Controller\UserController  action:delete_by_id
2017-09-15 22:20:14Controller:app\Controller\UserController  action:index
2017-09-15 22:20:46Controller:app\Controller\UserController  action:index
2017-09-15 22:20:49Controller:app\Controller\UserController  action:delete_by_id
2017-09-15 22:20:59Controller:app\Controller\UserController  action:delete_by_id
2017-09-15 22:20:59Controller:app\Controller\UserController  action:index
2017-09-15 22:21:04Controller:app\Controller\UserController  action:add
2017-09-15 22:21:05Controller:app\Controller\UserController  action:index
2017-09-15 22:21:06Controller:app\Controller\UserController  action:byPkGetUser
2017-09-15 22:21:09Controller:app\Controller\UserController  action:add
2017-09-15 22:21:09Controller:app\Controller\UserController  action:index
2017-09-15 22:21:16Controller:app\Controller\UserController  action:delete_by_id
2017-09-15 22:21:16Controller:app\Controller\UserController  action:index
2017-09-15 22:22:22Controller:app\Controller\AdminController  action:orderList
2017-09-15 22:23:38Controller:app\Controller\AdminController  action:orderList
2017-09-15 22:23:39Controller:app\Controller\AdminController  action:orderList
2017-09-15 22:23:56Controller:app\Controller\AdminController  action:orderList
2017-09-15 22:24:05Controller:app\Controller\AdminController  action:orderList
2017-09-15 22:24:50Controller:app\Controller\AdminController  action:orderList
2017-09-15 22:25:02Controller:app\Controller\AdminController  action:orderList
2017-09-15 22:25:26Controller:app\Controller\AdminController  action:orderList
2017-09-15 22:32:20Controller:app\Controller\AdminController  action:orderList
2017-09-15 22:33:46Controller:app\Controller\AdminController  action:orderList
2017-09-15 22:33:58Controller:app\Controller\AdminController  action:orderList
2017-09-15 22:34:17Controller:app\Controller\AdminController  action:orderList
2017-09-15 22:35:53Controller:app\Controller\AdminController  action:orderList
2017-09-15 22:35:54Controller:app\Controller\AdminController  action:orderList
2017-09-15 22:36:21Controller:app\Controller\AdminController  action:orderList
2017-09-15 22:36:24Controller:app\Controller\AdminController  action:deleteOrderById
2017-09-15 22:36:50Controller:app\Controller\AdminController  action:orderList
2017-09-15 22:37:07Controller:app\Controller\AdminController  action:deleteOrderById
2017-09-15 22:37:22Controller:app\Controller\AdminController  action:orderList
2017-09-15 22:37:25Controller:app\Controller\AdminController  action:deleteOrderById
2017-09-15 22:37:33Controller:app\Controller\AdminController  action:deleteOrderById
2017-09-15 22:37:33Controller:app\Controller\AdminController  action:orderList
2017-09-15 22:37:36Controller:app\Controller\AdminController  action:deleteOrderById
2017-09-15 22:37:36Controller:app\Controller\AdminController  action:orderList
2017-09-15 22:39:53Controller:app\Controller\AdminController  action:orderList
2017-09-15 22:42:54Controller:app\Controller\AdminController  action:orderList
2017-09-15 22:43:04Controller:app\Controller\AdminController  action:orderList
2017-09-15 22:43:11Controller:app\Controller\AdminController  action:orderList
2017-09-15 22:43:20Controller:app\Controller\IndexController  action:index
2017-09-15 22:43:39Controller:app\Controller\IndexController  action:submitApplication
2017-09-15 22:44:01Controller:app\Controller\AdminController  action:orderList
2017-09-15 22:44:02Controller:app\Controller\AdminController  action:orderList
2017-09-15 22:44:07Controller:app\Controller\AdminController  action:orderList
2017-09-15 22:44:12Controller:app\Controller\AdminController  action:orderList
2017-09-15 22:44:19Controller:app\Controller\AdminController  action:orderList
2017-09-15 22:44:24Controller:app\Controller\AdminController  action:orderList
2017-09-15 22:50:13Controller:app\Controller\AdminController  action:orderList
2017-09-15 22:52:14Controller:app\Controller\AdminController  action:orderList
2017-09-15 22:53:26Controller:app\Controller\AdminController  action:orderList
2017-09-15 22:54:09Controller:app\Controller\AdminController  action:orderList
2017-09-15 22:54:21Controller:app\Controller\AdminController  action:orderList
2017-09-15 22:54:26Controller:app\Controller\AdminController  action:orderList
2017-09-15 22:54:30Controller:app\Controller\AdminController  action:orderList
2017-09-15 22:55:00Controller:app\Controller\AdminController  action:orderList
2017-09-15 22:55:05Controller:app\Controller\AdminController  action:orderList
2017-09-15 22:55:07Controller:app\Controller\AdminController  action:orderList
2017-09-15 22:55:13Controller:app\Controller\AdminController  action:orderList
2017-09-15 22:55:17Controller:app\Controller\AdminController  action:orderList
2017-09-15 22:55:20Controller:app\Controller\AdminController  action:orderList
2017-09-15 22:55:21Controller:app\Controller\AdminController  action:orderList
2017-09-15 23:02:18Controller:app\Controller\AdminController  action:orderList
2017-09-15 23:11:33Controller:app\Controller\AdminController  action:orderList
2017-09-15 23:11:33Controller:app\Controller\CommonController  action:login
2017-09-15 23:12:04Controller:app\Controller\IndexController  action:index
2017-09-15 23:12:08Controller:app\Controller\AdminController  action:index
2017-09-15 23:12:10Controller:app\Controller\AdminController  action:orderList
2017-09-15 23:12:12Controller:app\Controller\UserController  action:index
2017-09-15 23:12:14Controller:app\Controller\UserController  action:byPkGetUser
2017-09-15 23:12:24Controller:app\Controller\UserController  action:add
2017-09-15 23:12:25Controller:app\Controller\UserController  action:index
2017-09-15 23:15:13Controller:app\Controller\UserController  action:index
2017-09-15 23:15:13Controller:app\Controller\CommonController  action:login
2017-09-15 23:17:26Controller:app\Controller\CommonController  action:login
2017-09-15 23:17:37Controller:app\Controller\CommonController  action:login
2017-09-15 23:17:37Controller:app\Controller\IndexController  action:index
2017-09-15 23:18:18Controller:app\Controller\AdminController  action:index
2017-09-15 23:20:54Controller:app\Controller\AdminController  action:index
2017-09-15 23:20:58Controller:app\Controller\CommonController  action:logout
2017-09-15 23:20:58Controller:app\Controller\CommonController  action:login
2017-09-15 23:21:11Controller:app\Controller\CommonController  action:login
2017-09-15 23:21:12Controller:app\Controller\AdminController  action:index
2017-09-15 23:21:15Controller:app\Controller\CommonController  action:logout
2017-09-15 23:21:15Controller:app\Controller\CommonController  action:login
2017-09-15 23:23:59Controller:app\Controller\CommonController  action:login
2017-09-15 23:38:17Controller:app\Controller\IndexController  action:index
2017-09-15 23:39:12Controller:app\Controller\IndexController  action:index
2017-09-15 23:45:07Controller:app\Controller\IndexController  action:index
2017-09-16 00:01:46Controller:app\Controller\AdminController  action:index
2017-09-16 00:01:47Controller:app\Controller\CommonController  action:login
2017-09-16 00:02:00Controller:app\Controller\CommonController  action:login
2017-09-16 00:02:52Controller:app\Controller\CommonController  action:login
2017-09-16 00:02:53Controller:app\Controller\AdminController  action:index
2017-09-16 00:02:57Controller:app\Controller\CommonController  action:logout
2017-09-16 00:02:57Controller:app\Controller\CommonController  action:login
2017-09-16 00:03:27Controller:app\Controller\CommonController  action:login
2017-09-16 00:03:27Controller:app\Controller\AdminController  action:index
2017-09-16 00:03:29Controller:app\Controller\UserController  action:index
2017-09-16 00:03:30Controller:app\Controller\AdminController  action:orderList
2017-09-16 00:07:12Controller:app\Controller\AdminController  action:orderList
2017-09-16 00:07:15Controller:app\Controller\AdminController  action:orderList
2017-09-16 00:15:25Controller:app\Controller\IndexController  action:index
2017-09-16 00:15:31Controller:app\Controller\IndexController  action:submitApplication
2017-09-16 00:15:38Controller:app\Controller\IndexController  action:submitApplication
2017-09-16 00:15:45Controller:app\Controller\IndexController  action:submitApplication
2017-09-16 00:15:47Controller:app\Controller\IndexController  action:index
2017-09-16 00:27:10Controller:app\Controller\IndexController  action:index
2017-09-16 00:27:20Controller:app\Controller\IndexController  action:submitApplication
2017-09-16 00:27:25Controller:app\Controller\IndexController  action:submitApplication
2017-09-16 00:27:35Controller:app\Controller\IndexController  action:submitApplication
2017-09-16 00:27:49Controller:app\Controller\IndexController  action:submitApplication
2017-09-16 00:27:53Controller:app\Controller\IndexController  action:submitApplication
2017-09-16 00:28:20Controller:app\Controller\IndexController  action:submitApplication
2017-09-16 00:30:11Controller:app\Controller\IndexController  action:submitApplication
2017-09-16 00:40:04Controller:app\Controller\IndexController  action:index
2017-09-16 00:43:11Controller:app\Controller\IndexController  action:index
2017-09-16 00:44:00Controller:app\Controller\IndexController  action:submitApplication
2017-09-16 00:44:03Controller:app\Controller\IndexController  action:index
2017-09-16 00:44:14Controller:app\Controller\AdminController  action:index
2017-09-16 00:44:17Controller:app\Controller\UserController  action:index
2017-09-16 00:44:20Controller:app\Controller\AdminController  action:orderList
2017-09-16 00:44:31Controller:app\Controller\AdminController  action:orderList
2017-09-16 00:44:35Controller:app\Controller\AdminController  action:orderList
